<?xml version="1.0" encoding="UTF-8"?>
<testng-results skipped="0" failed="0" ignored="0" total="1" passed="1">
  <reporter-output>
    <line>
      <![CDATA[<div "result">I logged into suiteCRM (PASSED : 6s)</div>]]>
    </line>
    <line>
      <![CDATA[<div "result">I post &quot;Hello Everyone&quot; (PASSED : 3s)</div>]]>
    </line>
    <line>
      <![CDATA[<div "result">Post should be displayed (PASSED : 0s)</div>]]>
    </line>
  </reporter-output>
  <suite name="SuiteCRM Regression Automation" duration-ms="21782" started-at="2018-07-25T16:28:22Z" finished-at="2018-07-25T16:28:44Z">
    <groups>
      <group name="cucumber">
        <method signature="AbstractTestNGCucumberTests.runScenario(cucumber.api.testng.PickleEventWrapper, cucumber.api.testng.CucumberFeatureWrapper)[pri:0, instance:com.app.runners.CukesRunner@2ef5e5e3]" name="runScenario" class="cucumber.api.testng.AbstractTestNGCucumberTests"/>
      </group> <!-- cucumber -->
    </groups>
    <test name="Automated tests" duration-ms="21782" started-at="2018-07-25T16:28:22Z" finished-at="2018-07-25T16:28:44Z">
      <class name="com.app.runners.CukesRunner">
        <test-method status="PASS" signature="setUpClass()[pri:0, instance:com.app.runners.CukesRunner@2ef5e5e3]" name="setUpClass" is-config="true" duration-ms="573" started-at="2018-07-25T16:28:22Z" finished-at="2018-07-25T16:28:23Z">
          <reporter-output>
          </reporter-output>
        </test-method> <!-- setUpClass -->
        <test-method status="PASS" signature="runScenario(cucumber.api.testng.PickleEventWrapper, cucumber.api.testng.CucumberFeatureWrapper)[pri:0, instance:com.app.runners.CukesRunner@2ef5e5e3]" name="runScenario" duration-ms="20787" started-at="2018-07-25T16:28:23Z" description="Runs Cucumber Scenarios" data-provider="scenarios" finished-at="2018-07-25T16:28:44Z">
          <params>
            <param index="0">
              <value>
                <![CDATA["Post a note on Dashboard"]]>
              </value>
            </param>
            <param index="1">
              <value>
                <![CDATA["Note on Dashboard"]]>
              </value>
            </param>
          </params>
          <reporter-output>
            <line>
              <![CDATA[<div "result">I logged into suiteCRM (PASSED : 6s)</div>]]>
            </line>
            <line>
              <![CDATA[<div "result">I post &quot;Hello Everyone&quot; (PASSED : 3s)</div>]]>
            </line>
            <line>
              <![CDATA[<div "result">Post should be displayed (PASSED : 0s)</div>]]>
            </line>
          </reporter-output>
        </test-method> <!-- runScenario -->
        <test-method status="PASS" signature="tearDownClass()[pri:0, instance:com.app.runners.CukesRunner@2ef5e5e3]" name="tearDownClass" is-config="true" duration-ms="30" started-at="2018-07-25T16:28:44Z" finished-at="2018-07-25T16:28:44Z">
          <reporter-output>
          </reporter-output>
        </test-method> <!-- tearDownClass -->
      </class> <!-- com.app.runners.CukesRunner -->
    </test> <!-- Automated tests -->
  </suite> <!-- SuiteCRM Regression Automation -->
</testng-results>
