<?xml version="1.0" encoding="UTF-8"?>
<!-- Generated by org.testng.reporters.JUnitXMLReporter -->
<testsuite hostname="Hatices-MacBook-Air-2.local" ignored="0" name="Automated tests" tests="2" failures="0" timestamp="22 Jul 2018 22:54:34 GMT" time="89.881" errors="0">
  <testcase name="runScenario" time="62.896" classname="cucumber.api.testng.AbstractTestNGCucumberTests">
    <skipped/>
  </testcase> <!-- runScenario -->
  <testcase name="runScenario" time="26.042" classname="cucumber.api.testng.AbstractTestNGCucumberTests">
    <skipped/>
  </testcase> <!-- runScenario -->
</testsuite> <!-- Automated tests -->
